2019-09-30 17:12:13 (BST) - INFO - Script activated
2019-09-30 17:12:13 (BST) - INFO - Schedules are set
2019-09-30 17:12:13 (BST) - INFO - Initialised. Switch on at: 18:47 Switch off at: 04:40
2019-09-30 17:12:13 (BST) - INFO - Initialised when relay should be switched OFF
2019-09-30 17:12:14 (BST) - INFO - Relay switched off
2019-09-30 17:42:14 (BST) - INFO - Running job Every 30 minutes do run_check() (last run: [never], next run: 2019-09-30 17:42:14)
2019-09-30 18:12:15 (BST) - INFO - Running job Every 30 minutes do run_check() (last run: 2019-09-30 17:42:14, next run: 2019-09-30 18:12:14)
2019-09-30 18:42:16 (BST) - INFO - Running job Every 30 minutes do run_check() (last run: 2019-09-30 18:12:15, next run: 2019-09-30 18:42:15)
2019-09-30 18:47:00 (BST) - INFO - Running job Every 1 day at 18:47:00 do switch_on() (last run: [never], next run: 2019-09-30 18:47:00)
2019-09-30 18:47:00 (BST) - INFO - Relay switched on
2019-09-30 19:12:16 (BST) - INFO - Running job Every 30 minutes do run_check() (last run: 2019-09-30 18:42:16, next run: 2019-09-30 19:12:16)
2019-09-30 19:42:16 (BST) - INFO - Running job Every 30 minutes do run_check() (last run: 2019-09-30 19:12:16, next run: 2019-09-30 19:42:16)
2019-09-30 20:12:17 (BST) - INFO - Running job Every 30 minutes do run_check() (last run: 2019-09-30 19:42:16, next run: 2019-09-30 20:12:16)
2019-09-30 20:42:17 (BST) - INFO - Running job Every 30 minutes do run_check() (last run: 2019-09-30 20:12:17, next run: 2019-09-30 20:42:17)
2019-09-30 21:12:18 (BST) - INFO - Running job Every 30 minutes do run_check() (last run: 2019-09-30 20:42:17, next run: 2019-09-30 21:12:17)
2019-09-30 21:42:18 (BST) - INFO - Running job Every 30 minutes do run_check() (last run: 2019-09-30 21:12:18, next run: 2019-09-30 21:42:18)
2019-09-30 22:12:19 (BST) - INFO - Running job Every 30 minutes do run_check() (last run: 2019-09-30 21:42:18, next run: 2019-09-30 22:12:18)
2019-09-30 22:42:19 (BST) - INFO - Running job Every 30 minutes do run_check() (last run: 2019-09-30 22:12:19, next run: 2019-09-30 22:42:19)
2019-09-30 23:12:19 (BST) - INFO - Running job Every 30 minutes do run_check() (last run: 2019-09-30 22:42:19, next run: 2019-09-30 23:12:19)
2019-09-30 23:42:20 (BST) - INFO - Running job Every 30 minutes do run_check() (last run: 2019-09-30 23:12:19, next run: 2019-09-30 23:42:19)
2019-10-01 00:12:20 (BST) - INFO - Running job Every 30 minutes do run_check() (last run: 2019-09-30 23:42:20, next run: 2019-10-01 00:12:20)
2019-10-01 00:42:21 (BST) - INFO - Running job Every 30 minutes do run_check() (last run: 2019-10-01 00:12:20, next run: 2019-10-01 00:42:20)
2019-10-01 01:12:21 (BST) - INFO - Running job Every 30 minutes do run_check() (last run: 2019-10-01 00:42:21, next run: 2019-10-01 01:12:21)
2019-10-01 01:30:00 (BST) - INFO - Running job Every 1 day at 01:30:00 do update_times() (last run: [never], next run: 2019-10-01 01:30:00)
2019-10-01 01:30:00 (BST) - INFO - Script activated
2019-10-01 01:30:00 (BST) - INFO - Schedules are set
2019-10-01 01:42:22 (BST) - INFO - Running job Every 30 minutes do run_check() (last run: 2019-10-01 01:12:21, next run: 2019-10-01 01:42:21)
2019-10-01 02:12:23 (BST) - INFO - Running job Every 30 minutes do run_check() (last run: 2019-10-01 01:42:22, next run: 2019-10-01 02:12:22)
2019-10-01 02:42:24 (BST) - INFO - Running job Every 30 minutes do run_check() (last run: 2019-10-01 02:12:23, next run: 2019-10-01 02:42:23)
2019-10-01 03:12:25 (BST) - INFO - Running job Every 30 minutes do run_check() (last run: 2019-10-01 02:42:24, next run: 2019-10-01 03:12:24)
2019-10-01 03:42:26 (BST) - INFO - Running job Every 30 minutes do run_check() (last run: 2019-10-01 03:12:25, next run: 2019-10-01 03:42:25)
2019-10-01 04:12:27 (BST) - INFO - Running job Every 30 minutes do run_check() (last run: 2019-10-01 03:42:26, next run: 2019-10-01 04:12:26)
2019-10-01 04:40:00 (BST) - INFO - Running job Every 1 day at 04:40:00 do switch_off() (last run: [never], next run: 2019-10-01 04:40:00)
2019-10-01 04:40:00 (BST) - INFO - Relay switched off
2019-10-01 04:42:00 (BST) - INFO - Running job Every 1 day at 04:42:00 do switch_off() (last run: [never], next run: 2019-10-01 04:42:00)
2019-10-01 04:42:00 (BST) - INFO - Relay switched off
2019-10-01 04:42:27 (BST) - INFO - Running job Every 30 minutes do run_check() (last run: 2019-10-01 04:12:27, next run: 2019-10-01 04:42:27)
2019-10-01 05:12:28 (BST) - INFO - Running job Every 30 minutes do run_check() (last run: 2019-10-01 04:42:27, next run: 2019-10-01 05:12:27)
2019-10-01 05:42:28 (BST) - INFO - Running job Every 30 minutes do run_check() (last run: 2019-10-01 05:12:28, next run: 2019-10-01 05:42:28)
2019-10-01 06:12:29 (BST) - INFO - Running job Every 30 minutes do run_check() (last run: 2019-10-01 05:42:28, next run: 2019-10-01 06:12:28)
2019-10-01 06:42:29 (BST) - INFO - Running job Every 30 minutes do run_check() (last run: 2019-10-01 06:12:29, next run: 2019-10-01 06:42:29)
2019-10-01 07:12:30 (BST) - INFO - Running job Every 30 minutes do run_check() (last run: 2019-10-01 06:42:29, next run: 2019-10-01 07:12:29)
2019-10-01 07:42:30 (BST) - INFO - Running job Every 30 minutes do run_check() (last run: 2019-10-01 07:12:30, next run: 2019-10-01 07:42:30)
2019-10-01 08:12:30 (BST) - INFO - Running job Every 30 minutes do run_check() (last run: 2019-10-01 07:42:30, next run: 2019-10-01 08:12:30)
2019-10-01 08:42:31 (BST) - INFO - Running job Every 30 minutes do run_check() (last run: 2019-10-01 08:12:30, next run: 2019-10-01 08:42:30)
2019-10-01 09:12:31 (BST) - INFO - Running job Every 30 minutes do run_check() (last run: 2019-10-01 08:42:31, next run: 2019-10-01 09:12:31)
2019-10-01 09:42:32 (BST) - INFO - Running job Every 30 minutes do run_check() (last run: 2019-10-01 09:12:31, next run: 2019-10-01 09:42:31)
2019-10-01 10:12:32 (BST) - INFO - Running job Every 30 minutes do run_check() (last run: 2019-10-01 09:42:32, next run: 2019-10-01 10:12:32)
2019-10-01 10:42:32 (BST) - INFO - Running job Every 30 minutes do run_check() (last run: 2019-10-01 10:12:32, next run: 2019-10-01 10:42:32)
2019-10-01 11:12:33 (BST) - INFO - Running job Every 30 minutes do run_check() (last run: 2019-10-01 10:42:32, next run: 2019-10-01 11:12:32)
2019-10-01 11:42:33 (BST) - INFO - Running job Every 30 minutes do run_check() (last run: 2019-10-01 11:12:33, next run: 2019-10-01 11:42:33)
2019-10-01 12:12:34 (BST) - INFO - Running job Every 30 minutes do run_check() (last run: 2019-10-01 11:42:33, next run: 2019-10-01 12:12:33)
2019-10-01 12:42:34 (BST) - INFO - Running job Every 30 minutes do run_check() (last run: 2019-10-01 12:12:34, next run: 2019-10-01 12:42:34)
2019-10-01 13:12:34 (BST) - INFO - Running job Every 30 minutes do run_check() (last run: 2019-10-01 12:42:34, next run: 2019-10-01 13:12:34)
